<?xml version="1.0" encoding="UTF-8"?>
<testsuite name="StatementPrinterTests" tests="2" skipped="0" failures="0" errors="0" timestamp="2025-04-03T11:11:37" hostname="DESKTOP-G5D01A2" time="0.184">
  <properties/>
  <testcase name="exampleStatement()" classname="StatementPrinterTests" time="0.18"/>
  <testcase name="statementWithNewPlayTypes()" classname="StatementPrinterTests" time="0.004"/>
  <system-out><![CDATA[]]></system-out>
  <system-err><![CDATA[]]></system-err>
</testsuite>
